Started GET "/" for ::1 at 2024-10-25 15:29:10 -0300
  [1m[35m (3.3ms)[0m  [1m[35mCREATE TABLE "schema_migrations" ("version" varchar NOT NULL PRIMARY KEY)[0m
  [1m[35m (0.9ms)[0m  [1m[35mCREATE TABLE "ar_internal_metadata" ("key" varchar NOT NULL PRIMARY KEY, "value" varchar, "created_at" datetime(6) NOT NULL, "updated_at" datetime(6) NOT NULL)[0m
  [1m[36mActiveRecord::SchemaMigration Load (0.5ms)[0m  [1m[34mSELECT "schema_migrations"."version" FROM "schema_migrations" ORDER BY "schema_migrations"."version" ASC[0m
Processing by Rails::WelcomeController#index as HTML
  Rendering /home/juanbablo/.rbenv/versions/3.3.0/lib/ruby/gems/3.3.0/gems/railties-7.2.1.2/lib/rails/templates/rails/welcome/index.html.erb
  Rendered /home/juanbablo/.rbenv/versions/3.3.0/lib/ruby/gems/3.3.0/gems/railties-7.2.1.2/lib/rails/templates/rails/welcome/index.html.erb (Duration: 1.3ms | GC: 0.0ms)
Completed 200 OK in 40ms (Views: 8.7ms | ActiveRecord: 0.0ms (0 queries, 0 cached) | GC: 2.8ms)


Started GET "/" for ::1 at 2024-10-25 15:33:41 -0300
Processing by Rails::WelcomeController#index as HTML
  Rendering /home/juanbablo/.rbenv/versions/3.3.0/lib/ruby/gems/3.3.0/gems/railties-7.2.1.2/lib/rails/templates/rails/welcome/index.html.erb
  Rendered /home/juanbablo/.rbenv/versions/3.3.0/lib/ruby/gems/3.3.0/gems/railties-7.2.1.2/lib/rails/templates/rails/welcome/index.html.erb (Duration: 0.8ms | GC: 0.0ms)
Completed 200 OK in 3ms (Views: 1.9ms | ActiveRecord: 0.0ms (0 queries, 0 cached) | GC: 0.0ms)


Started GET "/articles" for ::1 at 2024-10-25 15:33:52 -0300
Processing by ArticlesController#index as HTML
  Rendering layout layouts/application.html.erb
  Rendering articles/index.html.erb within layouts/application
  Rendered articles/index.html.erb within layouts/application (Duration: 0.5ms | GC: 0.0ms)
  Rendered layout layouts/application.html.erb (Duration: 785.0ms | GC: 64.4ms)
Completed 200 OK in 924ms (Views: 787.3ms | ActiveRecord: 0.0ms (0 queries, 0 cached) | GC: 64.4ms)


Started GET "/manifest.json" for ::1 at 2024-10-25 15:33:53 -0300
Processing by Rails::PwaController#manifest as JSON
  Rendering pwa/manifest.json.erb
  Rendered pwa/manifest.json.erb (Duration: 1.2ms | GC: 0.0ms)
Completed 200 OK in 18ms (Views: 16.6ms | ActiveRecord: 0.0ms (0 queries, 0 cached) | GC: 0.0ms)


Started GET "/cars" for ::1 at 2024-10-25 15:33:57 -0300
  
ActionController::RoutingError (No route matches [GET] "/cars"):
  
Started GET "/favicon.ico" for ::1 at 2024-10-25 15:33:58 -0300
  
ActionController::RoutingError (No route matches [GET] "/favicon.ico"):
  
Started GET "/cars" for ::1 at 2024-10-25 15:34:47 -0300
  
ActionController::RoutingError (No route matches [GET] "/cars"):
  
Started GET "/cars" for ::1 at 2024-10-25 15:35:26 -0300
Processing by CarsController#index as HTML
  Rendering layout layouts/application.html.erb
  Rendering cars/index.html.erb within layouts/application
  Rendered cars/index.html.erb within layouts/application (Duration: 0.9ms | GC: 0.0ms)
  Rendered layout layouts/application.html.erb (Duration: 28.3ms | GC: 1.2ms)
Completed 200 OK in 34ms (Views: 32.2ms | ActiveRecord: 0.0ms (0 queries, 0 cached) | GC: 1.6ms)


Started GET "/manifest.json" for ::1 at 2024-10-25 15:35:26 -0300
Processing by Rails::PwaController#manifest as JSON
  Rendering pwa/manifest.json.erb
  Rendered pwa/manifest.json.erb (Duration: 1.4ms | GC: 0.0ms)
Completed 200 OK in 5ms (Views: 3.6ms | ActiveRecord: 0.0ms (0 queries, 0 cached) | GC: 0.0ms)


Started GET "/" for ::1 at 2024-10-25 15:36:39 -0300
Processing by ArticlesController#index as HTML
  Rendering layout layouts/application.html.erb
  Rendering articles/index.html.erb within layouts/application
  Rendered articles/index.html.erb within layouts/application (Duration: 0.6ms | GC: 0.0ms)
  Rendered layout layouts/application.html.erb (Duration: 24.2ms | GC: 0.3ms)
Completed 200 OK in 27ms (Views: 26.0ms | ActiveRecord: 0.0ms (0 queries, 0 cached) | GC: 0.5ms)


Started GET "/manifest.json" for ::1 at 2024-10-25 15:36:40 -0300
Processing by Rails::PwaController#manifest as JSON
  Rendering pwa/manifest.json.erb
  Rendered pwa/manifest.json.erb (Duration: 3.0ms | GC: 0.0ms)
Completed 200 OK in 9ms (Views: 7.0ms | ActiveRecord: 0.0ms (0 queries, 0 cached) | GC: 0.0ms)


Started GET "/" for ::1 at 2024-10-25 16:00:05 -0300
  [1m[36mActiveRecord::SchemaMigration Load (0.1ms)[0m  [1m[34mSELECT "schema_migrations"."version" FROM "schema_migrations" ORDER BY "schema_migrations"."version" ASC[0m
  
ActiveRecord::PendingMigrationError (

Migrations are pending. To resolve this issue, run:

        bin/rails db:migrate

You have 1 pending migration:

db/migrate/20241025184413_create_articles.rb


):
  
activerecord (7.2.1.2) lib/active_record/migration.rb:756:in `check_pending_migrations'
activerecord (7.2.1.2) lib/active_record/migration.rb:663:in `block (2 levels) in call'
activesupport (7.2.1.2) lib/active_support/file_update_checker.rb:85:in `execute'
activesupport (7.2.1.2) lib/active_support/file_update_checker.rb:95:in `execute_if_updated'
activerecord (7.2.1.2) lib/active_record/migration.rb:670:in `block in call'
activerecord (7.2.1.2) lib/active_record/migration.rb:660:in `synchronize'
activerecord (7.2.1.2) lib/active_record/migration.rb:660:in `call'
actionpack (7.2.1.2) lib/action_dispatch/middleware/callbacks.rb:31:in `block in call'
activesupport (7.2.1.2) lib/active_support/callbacks.rb:101:in `run_callbacks'
actionpack (7.2.1.2) lib/action_dispatch/middleware/callbacks.rb:30:in `call'
actionpack (7.2.1.2) lib/action_dispatch/middleware/executor.rb:16:in `call'
actionpack (7.2.1.2) lib/action_dispatch/middleware/actionable_exceptions.rb:18:in `call'
actionpack (7.2.1.2) lib/action_dispatch/middleware/debug_exceptions.rb:31:in `call'
web-console (4.2.1) lib/web_console/middleware.rb:132:in `call_app'
web-console (4.2.1) lib/web_console/middleware.rb:28:in `block in call'
web-console (4.2.1) lib/web_console/middleware.rb:17:in `catch'
web-console (4.2.1) lib/web_console/middleware.rb:17:in `call'
actionpack (7.2.1.2) lib/action_dispatch/middleware/show_exceptions.rb:32:in `call'
railties (7.2.1.2) lib/rails/rack/logger.rb:41:in `call_app'
railties (7.2.1.2) lib/rails/rack/logger.rb:29:in `call'
sprockets-rails (3.5.2) lib/sprockets/rails/quiet_assets.rb:17:in `call'
actionpack (7.2.1.2) lib/action_dispatch/middleware/remote_ip.rb:96:in `call'
actionpack (7.2.1.2) lib/action_dispatch/middleware/request_id.rb:33:in `call'
rack (3.1.8) lib/rack/method_override.rb:28:in `call'
rack (3.1.8) lib/rack/runtime.rb:24:in `call'
activesupport (7.2.1.2) lib/active_support/cache/strategy/local_cache_middleware.rb:29:in `call'
actionpack (7.2.1.2) lib/action_dispatch/middleware/server_timing.rb:61:in `block in call'
actionpack (7.2.1.2) lib/action_dispatch/middleware/server_timing.rb:26:in `collect_events'
actionpack (7.2.1.2) lib/action_dispatch/middleware/server_timing.rb:60:in `call'
actionpack (7.2.1.2) lib/action_dispatch/middleware/executor.rb:16:in `call'
actionpack (7.2.1.2) lib/action_dispatch/middleware/static.rb:27:in `call'
rack (3.1.8) lib/rack/sendfile.rb:114:in `call'
actionpack (7.2.1.2) lib/action_dispatch/middleware/host_authorization.rb:143:in `call'
railties (7.2.1.2) lib/rails/engine.rb:535:in `call'
puma (6.4.3) lib/puma/configuration.rb:272:in `call'
puma (6.4.3) lib/puma/request.rb:100:in `block in handle_request'
puma (6.4.3) lib/puma/thread_pool.rb:378:in `with_force_shutdown'
puma (6.4.3) lib/puma/request.rb:99:in `handle_request'
puma (6.4.3) lib/puma/server.rb:464:in `process_client'
puma (6.4.3) lib/puma/server.rb:245:in `block in run'
puma (6.4.3) lib/puma/thread_pool.rb:155:in `block in spawn_thread'
  [1m[36mActiveRecord::InternalMetadata Load (0.3ms)[0m  [1m[34mSELECT * FROM "ar_internal_metadata" WHERE "ar_internal_metadata"."key" = ? ORDER BY "ar_internal_metadata"."key" ASC LIMIT 1[0m  [[nil, "environment"]]
  [1m[36mActiveRecord::InternalMetadata Create (35.6ms)[0m  [1m[32mINSERT INTO "ar_internal_metadata" ("key", "value", "created_at", "updated_at") VALUES ('environment', 'development', '2024-10-25 19:01:18.763690', '2024-10-25 19:01:18.763695') RETURNING "key"[0m
  [1m[36mActiveRecord::SchemaMigration Load (0.1ms)[0m  [1m[34mSELECT "schema_migrations"."version" FROM "schema_migrations" ORDER BY "schema_migrations"."version" ASC[0m
Migrating to CreateArticles (20241025184413)
  [1m[36mTRANSACTION (0.2ms)[0m  [1m[36mbegin transaction[0m
  [1m[35m (1.8ms)[0m  [1m[35mCREATE TABLE "articles" ("id" integer PRIMARY KEY AUTOINCREMENT NOT NULL, "title" varchar, "body" text, "created_at" datetime(6) NOT NULL, "updated_at" datetime(6) NOT NULL)[0m
  [1m[36mActiveRecord::SchemaMigration Create (0.3ms)[0m  [1m[32mINSERT INTO "schema_migrations" ("version") VALUES ('20241025184413') RETURNING "version"[0m
  [1m[36mTRANSACTION (0.4ms)[0m  [1m[36mcommit transaction[0m
  [1m[36mActiveRecord::SchemaMigration Load (0.1ms)[0m  [1m[34mSELECT "schema_migrations"."version" FROM "schema_migrations" ORDER BY "schema_migrations"."version" ASC[0m
Started GET "/" for ::1 at 2024-10-25 16:01:32 -0300
  [1m[36mActiveRecord::SchemaMigration Load (0.1ms)[0m  [1m[34mSELECT "schema_migrations"."version" FROM "schema_migrations" ORDER BY "schema_migrations"."version" ASC[0m
Processing by ArticlesController#index as HTML
  Rendering layout layouts/application.html.erb
  Rendering articles/index.html.erb within layouts/application
  Rendered articles/index.html.erb within layouts/application (Duration: 0.4ms | GC: 0.0ms)
  Rendered layout layouts/application.html.erb (Duration: 59.8ms | GC: 34.1ms)
Completed 200 OK in 64ms (Views: 62.4ms | ActiveRecord: 0.0ms (0 queries, 0 cached) | GC: 34.1ms)


Started GET "/manifest.json" for ::1 at 2024-10-25 16:01:32 -0300
Processing by Rails::PwaController#manifest as JSON
  Rendering pwa/manifest.json.erb
  Rendered pwa/manifest.json.erb (Duration: 2.5ms | GC: 0.0ms)
Completed 200 OK in 15ms (Views: 14.3ms | ActiveRecord: 0.0ms (0 queries, 0 cached) | GC: 6.7ms)


  [1m[36mTRANSACTION (0.1ms)[0m  [1m[36mbegin transaction[0m
  [1m[36mArticle Create (0.7ms)[0m  [1m[32mINSERT INTO "articles" ("title", "body", "created_at", "updated_at") VALUES (?, ?, ?, ?) RETURNING "id"[0m  [["title", "Hello Rails"], ["body", "I am on Rails!"], ["created_at", "2024-10-25 19:03:10.897477"], ["updated_at", "2024-10-25 19:03:10.897477"]]
  [1m[36mTRANSACTION (2.6ms)[0m  [1m[36mcommit transaction[0m
  [1m[36mArticle Load (0.7ms)[0m  [1m[34mSELECT "articles".* FROM "articles" WHERE "articles"."id" = ? LIMIT ?[0m  [["id", 1], ["LIMIT", 1]]
  [1m[36mArticle Load (0.2ms)[0m  [1m[34mSELECT "articles".* FROM "articles" /* loading for pp */ LIMIT ?[0m  [["LIMIT", 11]]
Started GET "/" for ::1 at 2024-10-25 16:06:41 -0300
Processing by ArticlesController#index as HTML
  Rendering layout layouts/application.html.erb
  Rendering articles/index.html.erb within layouts/application
  Rendered articles/index.html.erb within layouts/application (Duration: 0.4ms | GC: 0.0ms)
  Rendered layout layouts/application.html.erb (Duration: 16.4ms | GC: 0.0ms)
Completed 200 OK in 33ms (Views: 18.5ms | ActiveRecord: 0.0ms (0 queries, 0 cached) | GC: 0.5ms)


Started GET "/manifest.json" for ::1 at 2024-10-25 16:06:41 -0300
Processing by Rails::PwaController#manifest as JSON
  Rendering pwa/manifest.json.erb
  Rendered pwa/manifest.json.erb (Duration: 0.7ms | GC: 0.0ms)
Completed 200 OK in 5ms (Views: 4.3ms | ActiveRecord: 0.0ms (0 queries, 0 cached) | GC: 0.0ms)


Started GET "/" for ::1 at 2024-10-25 16:06:45 -0300
Processing by ArticlesController#index as HTML
  Rendering layout layouts/application.html.erb
  Rendering articles/index.html.erb within layouts/application
  Rendered articles/index.html.erb within layouts/application (Duration: 1.1ms | GC: 0.0ms)
  Rendered layout layouts/application.html.erb (Duration: 25.7ms | GC: 4.9ms)
Completed 200 OK in 34ms (Views: 30.0ms | ActiveRecord: 0.0ms (0 queries, 0 cached) | GC: 4.9ms)


Started GET "/manifest.json" for ::1 at 2024-10-25 16:06:46 -0300
Processing by Rails::PwaController#manifest as JSON
  Rendering pwa/manifest.json.erb
  Rendered pwa/manifest.json.erb (Duration: 1.8ms | GC: 0.0ms)
Completed 200 OK in 5ms (Views: 4.2ms | ActiveRecord: 0.0ms (0 queries, 0 cached) | GC: 0.0ms)


Started GET "/" for ::1 at 2024-10-25 16:09:29 -0300
Processing by ArticlesController#index as HTML
  Rendering layout layouts/application.html.erb
  Rendering articles/index.html.erb within layouts/application
  [1m[36mArticle Load (1.3ms)[0m  [1m[34mSELECT "articles".* FROM "articles"[0m
  ↳ app/views/articles/index.html.erb:4
  Rendered articles/index.html.erb within layouts/application (Duration: 20.8ms | GC: 0.2ms)
  Rendered layout layouts/application.html.erb (Duration: 40.8ms | GC: 0.7ms)
Completed 200 OK in 47ms (Views: 40.5ms | ActiveRecord: 2.9ms (1 query, 0 cached) | GC: 0.7ms)


Started GET "/manifest.json" for ::1 at 2024-10-25 16:09:29 -0300
Processing by Rails::PwaController#manifest as JSON
  Rendering pwa/manifest.json.erb
  Rendered pwa/manifest.json.erb (Duration: 1.2ms | GC: 0.0ms)
Completed 200 OK in 4ms (Views: 3.1ms | ActiveRecord: 0.0ms (0 queries, 0 cached) | GC: 0.0ms)


Started GET "/" for ::1 at 2024-10-25 16:15:51 -0300
Processing by ArticlesController#index as HTML
  Rendering layout layouts/application.html.erb
  Rendering articles/index.html.erb within layouts/application
  [1m[36mArticle Load (1.8ms)[0m  [1m[34mSELECT "articles".* FROM "articles"[0m
  ↳ app/views/articles/index.html.erb:4
  Rendered articles/index.html.erb within layouts/application (Duration: 7.2ms | GC: 0.0ms)
  Rendered layout layouts/application.html.erb (Duration: 24.5ms | GC: 1.6ms)
Completed 200 OK in 30ms (Views: 24.8ms | ActiveRecord: 1.7ms (1 query, 0 cached) | GC: 2.0ms)


Started GET "/manifest.json" for ::1 at 2024-10-25 16:15:51 -0300
Processing by Rails::PwaController#manifest as JSON
  Rendering pwa/manifest.json.erb
  Rendered pwa/manifest.json.erb (Duration: 0.5ms | GC: 0.0ms)
Completed 200 OK in 3ms (Views: 2.4ms | ActiveRecord: 0.0ms (0 queries, 0 cached) | GC: 0.0ms)


Started GET "/articles" for ::1 at 2024-10-25 16:15:57 -0300
Processing by ArticlesController#index as HTML
  Rendering layout layouts/application.html.erb
  Rendering articles/index.html.erb within layouts/application
  [1m[36mArticle Load (0.1ms)[0m  [1m[34mSELECT "articles".* FROM "articles"[0m
  ↳ app/views/articles/index.html.erb:4
  Rendered articles/index.html.erb within layouts/application (Duration: 4.4ms | GC: 0.0ms)
  Rendered layout layouts/application.html.erb (Duration: 12.1ms | GC: 0.0ms)
Completed 200 OK in 14ms (Views: 13.4ms | ActiveRecord: 0.1ms (1 query, 0 cached) | GC: 0.0ms)


Started GET "/manifest.json" for ::1 at 2024-10-25 16:15:57 -0300
Processing by Rails::PwaController#manifest as JSON
  Rendering pwa/manifest.json.erb
  Rendered pwa/manifest.json.erb (Duration: 1.1ms | GC: 0.0ms)
Completed 200 OK in 2ms (Views: 1.7ms | ActiveRecord: 0.0ms (0 queries, 0 cached) | GC: 0.0ms)


Started GET "/articles/1" for ::1 at 2024-10-25 16:16:01 -0300
Processing by ArticlesController#show as HTML
  Parameters: {"id"=>"1"}
  [1m[36mArticle Load (0.3ms)[0m  [1m[34mSELECT "articles".* FROM "articles" WHERE "articles"."id" = ? LIMIT ?[0m  [["id", 1], ["LIMIT", 1]]
  ↳ app/controllers/articles_controller.rb:7:in `show'
  Rendering layout layouts/application.html.erb
  Rendering articles/show.html.erb within layouts/application
  Rendered articles/show.html.erb within layouts/application (Duration: 0.6ms | GC: 0.0ms)
  Rendered layout layouts/application.html.erb (Duration: 7.0ms | GC: 0.0ms)
Completed 200 OK in 17ms (Views: 10.2ms | ActiveRecord: 0.3ms (1 query, 0 cached) | GC: 0.5ms)


Started GET "/manifest.json" for ::1 at 2024-10-25 16:16:01 -0300
Processing by Rails::PwaController#manifest as JSON
  Rendering pwa/manifest.json.erb
  Rendered pwa/manifest.json.erb (Duration: 0.2ms | GC: 0.0ms)
Completed 200 OK in 1ms (Views: 0.9ms | ActiveRecord: 0.0ms (0 queries, 0 cached) | GC: 0.0ms)


Started GET "/articles" for ::1 at 2024-10-25 16:17:56 -0300
Processing by ArticlesController#index as HTML
  Rendering layout layouts/application.html.erb
  Rendering articles/index.html.erb within layouts/application
  [1m[36mArticle Load (1.2ms)[0m  [1m[34mSELECT "articles".* FROM "articles"[0m
  ↳ app/views/articles/index.html.erb:4
  Rendered articles/index.html.erb within layouts/application (Duration: 9.6ms | GC: 0.9ms)
  Rendered layout layouts/application.html.erb (Duration: 31.2ms | GC: 1.9ms)
Completed 200 OK in 38ms (Views: 33.0ms | ActiveRecord: 1.6ms (1 query, 0 cached) | GC: 1.9ms)


Started GET "/manifest.json" for ::1 at 2024-10-25 16:17:56 -0300
Processing by Rails::PwaController#manifest as JSON
  Rendering pwa/manifest.json.erb
  Rendered pwa/manifest.json.erb (Duration: 5.9ms | GC: 0.0ms)
Completed 200 OK in 12ms (Views: 11.2ms | ActiveRecord: 0.0ms (0 queries, 0 cached) | GC: 0.0ms)


Started GET "/articles" for ::1 at 2024-10-25 16:17:57 -0300
Processing by ArticlesController#index as HTML
  Rendering layout layouts/application.html.erb
  Rendering articles/index.html.erb within layouts/application
  [1m[36mArticle Load (0.1ms)[0m  [1m[34mSELECT "articles".* FROM "articles"[0m
  ↳ app/views/articles/index.html.erb:4
  Rendered articles/index.html.erb within layouts/application (Duration: 1.4ms | GC: 0.0ms)
  Rendered layout layouts/application.html.erb (Duration: 4.5ms | GC: 0.2ms)
Completed 200 OK in 8ms (Views: 5.1ms | ActiveRecord: 0.1ms (1 query, 0 cached) | GC: 0.2ms)


Started GET "/manifest.json" for ::1 at 2024-10-25 16:17:57 -0300
Processing by Rails::PwaController#manifest as JSON
  Rendering pwa/manifest.json.erb
  Rendered pwa/manifest.json.erb (Duration: 1.7ms | GC: 0.0ms)
Completed 200 OK in 5ms (Views: 2.3ms | ActiveRecord: 0.0ms (0 queries, 0 cached) | GC: 0.0ms)


Started GET "/articles/%201" for ::1 at 2024-10-25 16:17:58 -0300
Processing by ArticlesController#show as HTML
  Parameters: {"id"=>" 1"}
  [1m[36mArticle Load (0.3ms)[0m  [1m[34mSELECT "articles".* FROM "articles" WHERE "articles"."id" = ? LIMIT ?[0m  [["id", 1], ["LIMIT", 1]]
  ↳ app/controllers/articles_controller.rb:7:in `show'
  Rendering layout layouts/application.html.erb
  Rendering articles/show.html.erb within layouts/application
  Rendered articles/show.html.erb within layouts/application (Duration: 0.7ms | GC: 0.0ms)
  Rendered layout layouts/application.html.erb (Duration: 3.1ms | GC: 0.0ms)
Completed 200 OK in 8ms (Views: 3.6ms | ActiveRecord: 0.3ms (1 query, 0 cached) | GC: 0.3ms)


Started GET "/articles/%201" for ::1 at 2024-10-28 12:21:49 -0300
  [1m[36mActiveRecord::SchemaMigration Load (0.2ms)[0m  [1m[34mSELECT "schema_migrations"."version" FROM "schema_migrations" ORDER BY "schema_migrations"."version" ASC[0m
Processing by ArticlesController#show as HTML
  Parameters: {"id"=>" 1"}
  [1m[36mArticle Load (13.1ms)[0m  [1m[34mSELECT "articles".* FROM "articles" WHERE "articles"."id" = ? LIMIT ?[0m  [["id", 1], ["LIMIT", 1]]
  ↳ app/controllers/articles_controller.rb:7:in `show'
  Rendering layout layouts/application.html.erb
  Rendering articles/show.html.erb within layouts/application
  Rendered articles/show.html.erb within layouts/application (Duration: 0.8ms | GC: 0.0ms)
  Rendered layout layouts/application.html.erb (Duration: 252.5ms | GC: 1.0ms)
Completed 200 OK in 466ms (Views: 268.6ms | ActiveRecord: 29.1ms (1 query, 0 cached) | GC: 37.7ms)


Started GET "/manifest.json" for ::1 at 2024-10-28 12:21:50 -0300
  
ActionController::RoutingError (No route matches [GET] "/manifest.json"):
  
Started GET "/index" for ::1 at 2024-10-28 12:21:59 -0300
  
ActionController::RoutingError (No route matches [GET] "/index"):
  
Started GET "/favicon.ico" for ::1 at 2024-10-28 12:22:00 -0300
  
ActionController::RoutingError (No route matches [GET] "/favicon.ico"):
  
Started GET "/articles" for ::1 at 2024-10-28 12:22:03 -0300
Processing by ArticlesController#index as HTML
  Rendering layout layouts/application.html.erb
  Rendering articles/index.html.erb within layouts/application
  [1m[36mArticle Load (1.2ms)[0m  [1m[34mSELECT "articles".* FROM "articles"[0m
  ↳ app/views/articles/index.html.erb:4
  Rendered articles/index.html.erb within layouts/application (Duration: 6.2ms | GC: 0.0ms)
  Rendered layout layouts/application.html.erb (Duration: 21.1ms | GC: 2.3ms)
Completed 200 OK in 23ms (Views: 21.1ms | ActiveRecord: 1.2ms (1 query, 0 cached) | GC: 2.3ms)


Started GET "/manifest.json" for ::1 at 2024-10-28 12:22:03 -0300
  
ActionController::RoutingError (No route matches [GET] "/manifest.json"):
  
Started GET "/" for ::1 at 2024-10-28 12:22:36 -0300
Processing by ArticlesController#index as HTML
  Rendering layout layouts/application.html.erb
  Rendering articles/index.html.erb within layouts/application
  [1m[36mArticle Load (0.2ms)[0m  [1m[34mSELECT "articles".* FROM "articles"[0m
  ↳ app/views/articles/index.html.erb:4
  Rendered articles/index.html.erb within layouts/application (Duration: 1.8ms | GC: 0.0ms)
  Rendered layout layouts/application.html.erb (Duration: 7.3ms | GC: 0.5ms)
Completed 200 OK in 9ms (Views: 7.9ms | ActiveRecord: 0.1ms (1 query, 0 cached) | GC: 0.5ms)


Started GET "/manifest.json" for ::1 at 2024-10-28 12:22:36 -0300
  
ActionController::RoutingError (No route matches [GET] "/manifest.json"):
  
Started GET "/articles/1" for ::1 at 2024-10-28 12:22:37 -0300
Processing by ArticlesController#show as HTML
  Parameters: {"id"=>"1"}
  [1m[36mArticle Load (0.1ms)[0m  [1m[34mSELECT "articles".* FROM "articles" WHERE "articles"."id" = ? LIMIT ?[0m  [["id", 1], ["LIMIT", 1]]
  ↳ app/controllers/articles_controller.rb:7:in `show'
  Rendering layout layouts/application.html.erb
  Rendering articles/show.html.erb within layouts/application
  Rendered articles/show.html.erb within layouts/application (Duration: 0.2ms | GC: 0.0ms)
  Rendered layout layouts/application.html.erb (Duration: 3.3ms | GC: 0.0ms)
Completed 200 OK in 7ms (Views: 4.1ms | ActiveRecord: 0.1ms (1 query, 0 cached) | GC: 0.0ms)


Started GET "/" for ::1 at 2024-10-28 12:35:26 -0300
Processing by ArticlesController#index as HTML
  Rendering layout layouts/application.html.erb
  Rendering articles/index.html.erb within layouts/application
  [1m[36mArticle Load (1.3ms)[0m  [1m[34mSELECT "articles".* FROM "articles"[0m
  ↳ app/views/articles/index.html.erb:4
  Rendered articles/index.html.erb within layouts/application (Duration: 8.9ms | GC: 0.5ms)
  Rendered layout layouts/application.html.erb (Duration: 25.2ms | GC: 1.2ms)
Completed 200 OK in 31ms (Views: 25.9ms | ActiveRecord: 1.2ms (1 query, 0 cached) | GC: 1.8ms)


Started GET "/manifest.json" for ::1 at 2024-10-28 12:35:27 -0300
  
ActionController::RoutingError (No route matches [GET] "/manifest.json"):
  
Started GET "/" for ::1 at 2024-10-28 14:39:44 -0300
Processing by ArticlesController#index as HTML
  Rendering layout layouts/application.html.erb
  Rendering articles/index.html.erb within layouts/application
  [1m[36mArticle Load (1.1ms)[0m  [1m[34mSELECT "articles".* FROM "articles"[0m
  ↳ app/views/articles/index.html.erb:4
  Rendered articles/index.html.erb within layouts/application (Duration: 7.5ms | GC: 0.0ms)
  Rendered layout layouts/application.html.erb (Duration: 79.0ms | GC: 48.0ms)
Completed 200 OK in 99ms (Views: 79.9ms | ActiveRecord: 1.1ms (1 query, 0 cached) | GC: 48.5ms)


Started GET "/manifest.json" for ::1 at 2024-10-28 14:39:44 -0300
  
ActionController::RoutingError (No route matches [GET] "/manifest.json"):
  
Started GET "/articles/1" for ::1 at 2024-10-28 14:39:46 -0300
Processing by ArticlesController#show as HTML
  Parameters: {"id"=>"1"}
  [1m[36mArticle Load (0.2ms)[0m  [1m[34mSELECT "articles".* FROM "articles" WHERE "articles"."id" = ? LIMIT ?[0m  [["id", 1], ["LIMIT", 1]]
  ↳ app/controllers/articles_controller.rb:7:in `show'
  Rendering layout layouts/application.html.erb
  Rendering articles/show.html.erb within layouts/application
  Rendered articles/show.html.erb within layouts/application (Duration: 0.5ms | GC: 0.0ms)
  Rendered layout layouts/application.html.erb (Duration: 2.6ms | GC: 0.0ms)
Completed 200 OK in 5ms (Views: 2.9ms | ActiveRecord: 0.2ms (1 query, 0 cached) | GC: 0.2ms)


Started GET "/articles/1/edit" for ::1 at 2024-10-28 14:39:47 -0300
Processing by ArticlesController#edit as HTML
  Parameters: {"id"=>"1"}
  [1m[36mArticle Load (0.2ms)[0m  [1m[34mSELECT "articles".* FROM "articles" WHERE "articles"."id" = ? LIMIT ?[0m  [["id", 1], ["LIMIT", 1]]
  ↳ app/controllers/articles_controller.rb:24:in `edit'
  Rendering layout layouts/application.html.erb
  Rendering articles/edit.html.erb within layouts/application
  Rendered articles/_form.html.erb (Duration: 1.8ms | GC: 0.0ms)
  Rendered articles/edit.html.erb within layouts/application (Duration: 3.6ms | GC: 0.0ms)
  Rendered layout layouts/application.html.erb (Duration: 3.9ms | GC: 0.0ms)
Completed 500 Internal Server Error in 8ms (ActiveRecord: 0.2ms (1 query, 0 cached) | GC: 0.6ms)


  
ActionView::SyntaxErrorInTemplate (Encountered a syntax error while rendering template: check <%= form_with model: article do |form| %>
<div>
    <%= form.label :title %>
    <%= form.text_field :title %>
    <% article.errors.full_messages_for(:title).each do |message| %>
    <div><%= message %></div>
    <%= end %>
</div>

<div>
    <%= form.label :body %>
    <%= form.text_area :body %>
        <% article.errors.full_messages_for(:body).each do |message| %>
    <div><%= message %></div>
    <%= end %>
</div>

<div>
    <%= form.submit %>
</div>

<% end %>
):

Causes:
ActiveSupport::SyntaxErrorProxy (/home/juanbablo/repos/rails-blog-app/blog/app/views/articles/_form.html.erb:7: syntax error, unexpected `end'
...ze; @output_buffer.append=( end ); @output_buffer.safe_appen...
...                            ^~~
/home/juanbablo/repos/rails-blog-app/blog/app/views/articles/_form.html.erb:15: syntax error, unexpected `end'
...ze; @output_buffer.append=( end ); @output_buffer.safe_appen...
...                            ^~~
/home/juanbablo/repos/rails-blog-app/blog/app/views/articles/_form.html.erb:24: syntax error, unexpected end-of-input, expecting `end' or dummy end
          end
             ^
)
1:    <%= form_with model: article do |form| %>
2:    <div>
3:        <%= form.label :title %>
4:        <%= form.text_field :title %>
5:        <% article.errors.full_messages_for(:title).each do |message| %>
6:        <div><%= message %></div>
7:        <%= end %>
8:    </div>
9:    
10:    <div>
11:        <%= form.label :body %>
12:        <%= form.text_area :body %>
13:            <% article.errors.full_messages_for(:body).each do |message| %>
14:        <div><%= message %></div>
15:        <%= end %>
16:    </div>
17:    
18:    <div>
19:        <%= form.submit %>
20:    </div>
21:    
22:    <% end %>
  
app/views/articles/_form.html.erb:7: syntax error, unexpected `end'
app/views/articles/_form.html.erb:15: syntax error, unexpected `end'
app/views/articles/_form.html.erb:24: syntax error, unexpected end-of-input, expecting `end' or dummy end
app/views/articles/edit.html.erb:3
Started GET "/articles/1" for ::1 at 2024-10-28 14:40:00 -0300
Processing by ArticlesController#show as HTML
  Parameters: {"id"=>"1"}
  [1m[36mArticle Load (0.1ms)[0m  [1m[34mSELECT "articles".* FROM "articles" WHERE "articles"."id" = ? LIMIT ?[0m  [["id", 1], ["LIMIT", 1]]
  ↳ app/controllers/articles_controller.rb:7:in `show'
  Rendering layout layouts/application.html.erb
  Rendering articles/show.html.erb within layouts/application
  Rendered articles/show.html.erb within layouts/application (Duration: 0.4ms | GC: 0.0ms)
  Rendered layout layouts/application.html.erb (Duration: 18.3ms | GC: 2.6ms)
Completed 200 OK in 22ms (Views: 19.8ms | ActiveRecord: 0.1ms (1 query, 0 cached) | GC: 2.6ms)


Started GET "/manifest.json" for ::1 at 2024-10-28 14:40:00 -0300
  
ActionController::RoutingError (No route matches [GET] "/manifest.json"):
  
Started GET "/articles/1/edit" for ::1 at 2024-10-28 14:40:18 -0300
Processing by ArticlesController#edit as HTML
  Parameters: {"id"=>"1"}
  [1m[36mArticle Load (0.2ms)[0m  [1m[34mSELECT "articles".* FROM "articles" WHERE "articles"."id" = ? LIMIT ?[0m  [["id", 1], ["LIMIT", 1]]
  ↳ app/controllers/articles_controller.rb:24:in `edit'
  Rendering layout layouts/application.html.erb
  Rendering articles/edit.html.erb within layouts/application
  Rendered articles/_form.html.erb (Duration: 1.4ms | GC: 0.0ms)
  Rendered articles/edit.html.erb within layouts/application (Duration: 2.0ms | GC: 0.0ms)
  Rendered layout layouts/application.html.erb (Duration: 2.2ms | GC: 0.0ms)
Completed 500 Internal Server Error in 8ms (ActiveRecord: 0.2ms (1 query, 0 cached) | GC: 0.0ms)


  
ActionView::SyntaxErrorInTemplate (Encountered a syntax error while rendering template: check <%= form_with model: article do |form| %>
<div>
    <%= form.label :title %>
    <%= form.text_field :title %>
    <% article.errors.full_messages_for(:title).each do |message| %>
    <div><%= message %></div>
    <%= end %>
</div>

<div>
    <%= form.label :body %>
    <%= form.text_area :body %>
        <% article.errors.full_messages_for(:body).each do |message| %>
    <div><%= message %></div>
    <%= end %>
</div>

<div>
    <%= form.submit %>
</div>

<% end %>
):

Causes:
ActiveSupport::SyntaxErrorProxy (/home/juanbablo/repos/rails-blog-app/blog/app/views/articles/_form.html.erb:7: syntax error, unexpected `end'
...ze; @output_buffer.append=( end ); @output_buffer.safe_appen...
...                            ^~~
/home/juanbablo/repos/rails-blog-app/blog/app/views/articles/_form.html.erb:15: syntax error, unexpected `end'
...ze; @output_buffer.append=( end ); @output_buffer.safe_appen...
...                            ^~~
/home/juanbablo/repos/rails-blog-app/blog/app/views/articles/_form.html.erb:24: syntax error, unexpected end-of-input, expecting `end' or dummy end
          end
             ^
)
1:    <%= form_with model: article do |form| %>
2:    <div>
3:        <%= form.label :title %>
4:        <%= form.text_field :title %>
5:        <% article.errors.full_messages_for(:title).each do |message| %>
6:        <div><%= message %></div>
7:        <%= end %>
8:    </div>
9:    
10:    <div>
11:        <%= form.label :body %>
12:        <%= form.text_area :body %>
13:            <% article.errors.full_messages_for(:body).each do |message| %>
14:        <div><%= message %></div>
15:        <%= end %>
16:    </div>
17:    
18:    <div>
19:        <%= form.submit %>
20:    </div>
21:    
22:    <% end %>
  
app/views/articles/_form.html.erb:7: syntax error, unexpected `end'
app/views/articles/_form.html.erb:15: syntax error, unexpected `end'
app/views/articles/_form.html.erb:24: syntax error, unexpected end-of-input, expecting `end' or dummy end
app/views/articles/edit.html.erb:3
Started GET "/articles/1/edit" for ::1 at 2024-10-28 14:41:20 -0300
Processing by ArticlesController#edit as HTML
  Parameters: {"id"=>"1"}
  [1m[36mArticle Load (0.2ms)[0m  [1m[34mSELECT "articles".* FROM "articles" WHERE "articles"."id" = ? LIMIT ?[0m  [["id", 1], ["LIMIT", 1]]
  ↳ app/controllers/articles_controller.rb:24:in `edit'
  Rendering layout layouts/application.html.erb
  Rendering articles/edit.html.erb within layouts/application
  Rendered articles/_form.html.erb (Duration: 2.4ms | GC: 0.0ms)
  Rendered articles/edit.html.erb within layouts/application (Duration: 5.1ms | GC: 0.0ms)
  Rendered layout layouts/application.html.erb (Duration: 5.7ms | GC: 0.0ms)
Completed 500 Internal Server Error in 24ms (ActiveRecord: 1.8ms (1 query, 0 cached) | GC: 4.0ms)


  
ActionView::SyntaxErrorInTemplate (Encountered a syntax error while rendering template: check <%= form_with model: article do |form| %>
<div>
    <%= form.label :title %>
    <%= form.text_field :title %>
    <% article.errors.full_messages_for(:title).each do |message| %>
    <div><%= message %></div>
    <%= end %>
</div>

<div>
    <%= form.label :body %>
    <%= form.text_area :body %>
    <% article.errors.full_messages_for(:body).each do |message| %>
    <div><%= message %></div>
    <%= end %>
</div>

<div>
    <%= form.submit %>
</div>

<% end %>
):

Causes:
ActiveSupport::SyntaxErrorProxy (/home/juanbablo/repos/rails-blog-app/blog/app/views/articles/_form.html.erb:7: syntax error, unexpected `end'
...ze; @output_buffer.append=( end ); @output_buffer.safe_appen...
...                            ^~~
/home/juanbablo/repos/rails-blog-app/blog/app/views/articles/_form.html.erb:15: syntax error, unexpected `end'
...ze; @output_buffer.append=( end ); @output_buffer.safe_appen...
...                            ^~~
/home/juanbablo/repos/rails-blog-app/blog/app/views/articles/_form.html.erb:24: syntax error, unexpected end-of-input, expecting `end' or dummy end
          end
             ^
)
1:    <%= form_with model: article do |form| %>
2:    <div>
3:        <%= form.label :title %>
4:        <%= form.text_field :title %>
5:        <% article.errors.full_messages_for(:title).each do |message| %>
6:        <div><%= message %></div>
7:        <%= end %>
8:    </div>
9:    
10:    <div>
11:        <%= form.label :body %>
12:        <%= form.text_area :body %>
13:        <% article.errors.full_messages_for(:body).each do |message| %>
14:        <div><%= message %></div>
15:        <%= end %>
16:    </div>
17:    
18:    <div>
19:        <%= form.submit %>
20:    </div>
21:    
22:    <% end %>
  
app/views/articles/_form.html.erb:7: syntax error, unexpected `end'
app/views/articles/_form.html.erb:15: syntax error, unexpected `end'
app/views/articles/_form.html.erb:24: syntax error, unexpected end-of-input, expecting `end' or dummy end
app/views/articles/edit.html.erb:3
Started GET "/articles/1/edit" for ::1 at 2024-10-28 14:41:39 -0300
Processing by ArticlesController#edit as HTML
  Parameters: {"id"=>"1"}
  [1m[36mArticle Load (0.1ms)[0m  [1m[34mSELECT "articles".* FROM "articles" WHERE "articles"."id" = ? LIMIT ?[0m  [["id", 1], ["LIMIT", 1]]
  ↳ app/controllers/articles_controller.rb:24:in `edit'
  Rendering layout layouts/application.html.erb
  Rendering articles/edit.html.erb within layouts/application
  Rendered articles/_form.html.erb (Duration: 4.8ms | GC: 3.2ms)
  Rendered articles/edit.html.erb within layouts/application (Duration: 5.5ms | GC: 3.2ms)
  Rendered layout layouts/application.html.erb (Duration: 5.7ms | GC: 3.2ms)
Completed 500 Internal Server Error in 19ms (ActiveRecord: 1.1ms (1 query, 0 cached) | GC: 3.2ms)


  
ActionView::SyntaxErrorInTemplate (Encountered a syntax error while rendering template: check <%= form_with model: article do |form| %>
<div>
    <%= form.label :title %>
    <%= form.text_field :title %>
    <% article.errors.full_messages_for(:title).each do |message| %>
    <div><%= message %></div>
    <%= end %>
</div>

<div>
    <%= form.label :body %>
    <%= form.text_area :body %>
    <% article.errors.full_messages_for(:body).each do |message| %>
    <div><%= message %></div>
    <% end %>
</div>

<div>
    <%= form.submit %>
</div>

<% end %>
):

Causes:
ActiveSupport::SyntaxErrorProxy (/home/juanbablo/repos/rails-blog-app/blog/app/views/articles/_form.html.erb:7: syntax error, unexpected `end'
...ze; @output_buffer.append=( end ); @output_buffer.safe_appen...
...                            ^~~
/home/juanbablo/repos/rails-blog-app/blog/app/views/articles/_form.html.erb:24: syntax error, unexpected end-of-input, expecting `end' or dummy end
          end
             ^
)
1:    <%= form_with model: article do |form| %>
2:    <div>
3:        <%= form.label :title %>
4:        <%= form.text_field :title %>
5:        <% article.errors.full_messages_for(:title).each do |message| %>
6:        <div><%= message %></div>
7:        <%= end %>
8:    </div>
9:    
10:    <div>
11:        <%= form.label :body %>
12:        <%= form.text_area :body %>
13:        <% article.errors.full_messages_for(:body).each do |message| %>
14:        <div><%= message %></div>
15:        <% end %>
16:    </div>
17:    
18:    <div>
19:        <%= form.submit %>
20:    </div>
21:    
22:    <% end %>
  
app/views/articles/_form.html.erb:7: syntax error, unexpected `end'
app/views/articles/_form.html.erb:24: syntax error, unexpected end-of-input, expecting `end' or dummy end
app/views/articles/edit.html.erb:3
Started GET "/articles/1/edit" for ::1 at 2024-10-28 14:41:56 -0300
Processing by ArticlesController#edit as HTML
  Parameters: {"id"=>"1"}
  [1m[36mArticle Load (0.3ms)[0m  [1m[34mSELECT "articles".* FROM "articles" WHERE "articles"."id" = ? LIMIT ?[0m  [["id", 1], ["LIMIT", 1]]
  ↳ app/controllers/articles_controller.rb:24:in `edit'
  Rendering layout layouts/application.html.erb
  Rendering articles/edit.html.erb within layouts/application
  Rendered articles/_form.html.erb (Duration: 27.9ms | GC: 0.2ms)
  Rendered articles/edit.html.erb within layouts/application (Duration: 29.4ms | GC: 0.2ms)
  Rendered layout layouts/application.html.erb (Duration: 45.5ms | GC: 1.3ms)
Completed 200 OK in 63ms (Views: 47.4ms | ActiveRecord: 2.4ms (1 query, 0 cached) | GC: 1.4ms)


Started GET "/manifest.json" for ::1 at 2024-10-28 14:41:56 -0300
  
ActionController::RoutingError (No route matches [GET] "/manifest.json"):
  
Started PATCH "/articles/1" for ::1 at 2024-10-28 14:42:02 -0300
Processing by ArticlesController#update as TURBO_STREAM
  Parameters: {"authenticity_token"=>"[FILTERED]", "article"=>{"title"=>"Hello Rails", "body"=>"I am on gays!"}, "commit"=>"Update Article", "id"=>"1"}
  [1m[36mArticle Load (0.1ms)[0m  [1m[34mSELECT "articles".* FROM "articles" WHERE "articles"."id" = ? LIMIT ?[0m  [["id", 1], ["LIMIT", 1]]
  ↳ app/controllers/articles_controller.rb:28:in `update'
  [1m[36mTRANSACTION (0.1ms)[0m  [1m[36mbegin transaction[0m
  ↳ app/controllers/articles_controller.rb:30:in `update'
  [1m[36mArticle Update (4.3ms)[0m  [1m[33mUPDATE "articles" SET "body" = ?, "updated_at" = ? WHERE "articles"."id" = ?[0m  [["body", "I am on gays!"], ["updated_at", "2024-10-28 17:42:02.094183"], ["id", 1]]
  ↳ app/controllers/articles_controller.rb:30:in `update'
  [1m[36mTRANSACTION (14.2ms)[0m  [1m[36mcommit transaction[0m
  ↳ app/controllers/articles_controller.rb:30:in `update'
Redirected to http://localhost:3000/articles/1
Completed 302 Found in 27ms (ActiveRecord: 18.6ms (2 queries, 0 cached) | GC: 0.0ms)


Started GET "/articles/1" for ::1 at 2024-10-28 14:42:02 -0300
Processing by ArticlesController#show as TURBO_STREAM
  Parameters: {"id"=>"1"}
  [1m[36mArticle Load (0.1ms)[0m  [1m[34mSELECT "articles".* FROM "articles" WHERE "articles"."id" = ? LIMIT ?[0m  [["id", 1], ["LIMIT", 1]]
  ↳ app/controllers/articles_controller.rb:7:in `show'
  Rendering layout layouts/application.html.erb
  Rendering articles/show.html.erb within layouts/application
  Rendered articles/show.html.erb within layouts/application (Duration: 1.0ms | GC: 0.0ms)
  Rendered layout layouts/application.html.erb (Duration: 6.8ms | GC: 0.0ms)
Completed 200 OK in 10ms (Views: 7.5ms | ActiveRecord: 0.1ms (1 query, 0 cached) | GC: 0.0ms)


Started GET "/articles/1/edit" for ::1 at 2024-10-28 14:42:03 -0300
Processing by ArticlesController#edit as HTML
  Parameters: {"id"=>"1"}
  [1m[36mArticle Load (0.2ms)[0m  [1m[34mSELECT "articles".* FROM "articles" WHERE "articles"."id" = ? LIMIT ?[0m  [["id", 1], ["LIMIT", 1]]
  ↳ app/controllers/articles_controller.rb:24:in `edit'
  Rendering layout layouts/application.html.erb
  Rendering articles/edit.html.erb within layouts/application
  Rendered articles/_form.html.erb (Duration: 1.6ms | GC: 0.0ms)
  Rendered articles/edit.html.erb within layouts/application (Duration: 1.8ms | GC: 0.0ms)
  Rendered layout layouts/application.html.erb (Duration: 3.7ms | GC: 0.0ms)
Completed 200 OK in 6ms (Views: 4.1ms | ActiveRecord: 0.2ms (1 query, 0 cached) | GC: 0.0ms)


Started GET "/articles/1/edit" for ::1 at 2024-10-28 14:42:03 -0300
Processing by ArticlesController#edit as HTML
  Parameters: {"id"=>"1"}
  [1m[36mArticle Load (0.2ms)[0m  [1m[34mSELECT "articles".* FROM "articles" WHERE "articles"."id" = ? LIMIT ?[0m  [["id", 1], ["LIMIT", 1]]
  ↳ app/controllers/articles_controller.rb:24:in `edit'
  Rendering layout layouts/application.html.erb
  Rendering articles/edit.html.erb within layouts/application
  Rendered articles/_form.html.erb (Duration: 3.2ms | GC: 0.0ms)
  Rendered articles/edit.html.erb within layouts/application (Duration: 4.1ms | GC: 0.0ms)
  Rendered layout layouts/application.html.erb (Duration: 7.4ms | GC: 0.0ms)
Completed 200 OK in 10ms (Views: 7.9ms | ActiveRecord: 0.2ms (1 query, 0 cached) | GC: 0.0ms)


Started GET "/articles/1/edit" for ::1 at 2024-10-28 14:42:08 -0300
Processing by ArticlesController#edit as HTML
  Parameters: {"id"=>"1"}
  [1m[36mArticle Load (0.2ms)[0m  [1m[34mSELECT "articles".* FROM "articles" WHERE "articles"."id" = ? LIMIT ?[0m  [["id", 1], ["LIMIT", 1]]
  ↳ app/controllers/articles_controller.rb:24:in `edit'
  Rendering layout layouts/application.html.erb
  Rendering articles/edit.html.erb within layouts/application
  Rendered articles/_form.html.erb (Duration: 1.5ms | GC: 0.0ms)
  Rendered articles/edit.html.erb within layouts/application (Duration: 1.8ms | GC: 0.0ms)
  Rendered layout layouts/application.html.erb (Duration: 3.5ms | GC: 0.0ms)
Completed 200 OK in 6ms (Views: 3.9ms | ActiveRecord: 0.2ms (1 query, 0 cached) | GC: 0.0ms)


Started GET "/" for ::1 at 2024-10-28 14:42:12 -0300
Processing by ArticlesController#index as HTML
  Rendering layout layouts/application.html.erb
  Rendering articles/index.html.erb within layouts/application
  [1m[36mArticle Load (0.2ms)[0m  [1m[34mSELECT "articles".* FROM "articles"[0m
  ↳ app/views/articles/index.html.erb:4
  Rendered articles/index.html.erb within layouts/application (Duration: 4.0ms | GC: 0.0ms)
  Rendered layout layouts/application.html.erb (Duration: 8.3ms | GC: 0.0ms)
Completed 200 OK in 10ms (Views: 9.0ms | ActiveRecord: 0.2ms (1 query, 0 cached) | GC: 0.0ms)


Started GET "/manifest.json" for ::1 at 2024-10-28 14:42:12 -0300
  
ActionController::RoutingError (No route matches [GET] "/manifest.json"):
  
Started GET "/articles/1" for ::1 at 2024-10-28 14:42:13 -0300
Processing by ArticlesController#show as HTML
  Parameters: {"id"=>"1"}
  [1m[36mArticle Load (0.1ms)[0m  [1m[34mSELECT "articles".* FROM "articles" WHERE "articles"."id" = ? LIMIT ?[0m  [["id", 1], ["LIMIT", 1]]
  ↳ app/controllers/articles_controller.rb:7:in `show'
  Rendering layout layouts/application.html.erb
  Rendering articles/show.html.erb within layouts/application
  Rendered articles/show.html.erb within layouts/application (Duration: 0.4ms | GC: 0.0ms)
  Rendered layout layouts/application.html.erb (Duration: 3.8ms | GC: 0.0ms)
Completed 200 OK in 7ms (Views: 4.4ms | ActiveRecord: 0.1ms (1 query, 0 cached) | GC: 0.0ms)


  [1m[36mActiveRecord::InternalMetadata Load (0.2ms)[0m  [1m[34mSELECT * FROM "ar_internal_metadata" WHERE "ar_internal_metadata"."key" = ? ORDER BY "ar_internal_metadata"."key" ASC LIMIT 1[0m  [[nil, "environment"]]
  [1m[36mActiveRecord::SchemaMigration Load (0.1ms)[0m  [1m[34mSELECT "schema_migrations"."version" FROM "schema_migrations" ORDER BY "schema_migrations"."version" ASC[0m
Migrating to CreateComments (20241028175908)
  [1m[36mTRANSACTION (0.1ms)[0m  [1m[36mbegin transaction[0m
  [1m[35m (1.5ms)[0m  [1m[35mCREATE TABLE "comments" ("id" integer PRIMARY KEY AUTOINCREMENT NOT NULL, "commenter" varchar, "body" text, "article_id" integer NOT NULL, "created_at" datetime(6) NOT NULL, "updated_at" datetime(6) NOT NULL, CONSTRAINT "fk_rails_3bf61a60d3"
FOREIGN KEY ("article_id")
  REFERENCES "articles" ("id")
)[0m
  [1m[35m (0.1ms)[0m  [1m[35mCREATE INDEX "index_comments_on_article_id" ON "comments" ("article_id")[0m
  [1m[36mActiveRecord::SchemaMigration Create (0.2ms)[0m  [1m[32mINSERT INTO "schema_migrations" ("version") VALUES ('20241028175908') RETURNING "version"[0m
  [1m[36mTRANSACTION (10.9ms)[0m  [1m[36mcommit transaction[0m
  [1m[36mActiveRecord::SchemaMigration Load (0.1ms)[0m  [1m[34mSELECT "schema_migrations"."version" FROM "schema_migrations" ORDER BY "schema_migrations"."version" ASC[0m
Started GET "/" for ::1 at 2024-10-28 15:24:38 -0300
  [1m[36mActiveRecord::SchemaMigration Load (0.1ms)[0m  [1m[34mSELECT "schema_migrations"."version" FROM "schema_migrations" ORDER BY "schema_migrations"."version" ASC[0m
Processing by ArticlesController#index as HTML
  Rendering layout layouts/application.html.erb
  Rendering articles/index.html.erb within layouts/application
  [1m[36mArticle Load (1.0ms)[0m  [1m[34mSELECT "articles".* FROM "articles"[0m
  ↳ app/views/articles/index.html.erb:4
  Rendered articles/index.html.erb within layouts/application (Duration: 7.9ms | GC: 1.3ms)
  Rendered layout layouts/application.html.erb (Duration: 29.0ms | GC: 5.5ms)
Completed 200 OK in 78ms (Views: 30.1ms | ActiveRecord: 1.0ms (1 query, 0 cached) | GC: 8.1ms)


Started GET "/manifest.json" for ::1 at 2024-10-28 15:24:38 -0300
  
ActionController::RoutingError (No route matches [GET] "/manifest.json"):
  
Started GET "/articles/1" for ::1 at 2024-10-28 15:24:39 -0300
Processing by ArticlesController#show as HTML
  Parameters: {"id"=>"1"}
  [1m[36mArticle Load (0.8ms)[0m  [1m[34mSELECT "articles".* FROM "articles" WHERE "articles"."id" = ? LIMIT ?[0m  [["id", 1], ["LIMIT", 1]]
  ↳ app/controllers/articles_controller.rb:7:in `show'
  Rendering layout layouts/application.html.erb
  Rendering articles/show.html.erb within layouts/application
  [1m[36mComment Load (0.6ms)[0m  [1m[34mSELECT "comments".* FROM "comments" WHERE "comments"."article_id" = ?[0m  [["article_id", 1]]
  ↳ app/views/articles/show.html.erb:14
  Rendered collection of templates [0 times] (Duration: 0.1ms | GC: 0.0ms)
  Rendered comments/_form.html.erb (Duration: 44.0ms | GC: 0.9ms)
  Rendered articles/show.html.erb within layouts/application (Duration: 126.9ms | GC: 5.3ms)
  Rendered layout layouts/application.html.erb (Duration: 132.4ms | GC: 5.3ms)
Completed 200 OK in 142ms (Views: 132.1ms | ActiveRecord: 2.4ms (2 queries, 0 cached) | GC: 5.3ms)


Started POST "/articles/1/comments" for ::1 at 2024-10-28 15:24:54 -0300
Processing by CommentsController#create as TURBO_STREAM
  Parameters: {"authenticity_token"=>"[FILTERED]", "comment"=>{"commenter"=>"Test 1", "body"=>"Im testing!"}, "commit"=>"Create Comment", "article_id"=>"1"}
  [1m[36mArticle Load (0.1ms)[0m  [1m[34mSELECT "articles".* FROM "articles" WHERE "articles"."id" = ? LIMIT ?[0m  [["id", 1], ["LIMIT", 1]]
  ↳ app/controllers/comments_controller.rb:3:in `create'
  [1m[36mTRANSACTION (0.1ms)[0m  [1m[36mbegin transaction[0m
  ↳ app/controllers/comments_controller.rb:4:in `create'
  [1m[36mComment Create (2.0ms)[0m  [1m[32mINSERT INTO "comments" ("commenter", "body", "article_id", "created_at", "updated_at") VALUES (?, ?, ?, ?, ?) RETURNING "id"[0m  [["commenter", "Test 1"], ["body", "Im testing!"], ["article_id", 1], ["created_at", "2024-10-28 18:24:54.581517"], ["updated_at", "2024-10-28 18:24:54.581517"]]
  ↳ app/controllers/comments_controller.rb:4:in `create'
  [1m[36mTRANSACTION (90.5ms)[0m  [1m[36mcommit transaction[0m
  ↳ app/controllers/comments_controller.rb:4:in `create'
Completed 500 Internal Server Error in 102ms (ActiveRecord: 92.6ms (2 queries, 0 cached) | GC: 0.1ms)


  
NoMethodError (undefined method `rediret_to' for an instance of CommentsController):
  
app/controllers/comments_controller.rb:5:in `create'
Started GET "/articles/1" for ::1 at 2024-10-28 15:25:11 -0300
Processing by ArticlesController#show as HTML
  Parameters: {"id"=>"1"}
  [1m[36mArticle Load (0.2ms)[0m  [1m[34mSELECT "articles".* FROM "articles" WHERE "articles"."id" = ? LIMIT ?[0m  [["id", 1], ["LIMIT", 1]]
  ↳ app/controllers/articles_controller.rb:7:in `show'
  Rendering layout layouts/application.html.erb
  Rendering articles/show.html.erb within layouts/application
  [1m[36mComment Load (0.2ms)[0m  [1m[34mSELECT "comments".* FROM "comments" WHERE "comments"."article_id" = ?[0m  [["article_id", 1]]
  ↳ app/views/articles/show.html.erb:14
  Rendered collection of comments/_comment.html.erb [1 times] (Duration: 1.2ms | GC: 0.0ms)
  Rendered comments/_form.html.erb (Duration: 4.3ms | GC: 0.7ms)
  Rendered articles/show.html.erb within layouts/application (Duration: 23.3ms | GC: 1.8ms)
  Rendered layout layouts/application.html.erb (Duration: 40.9ms | GC: 4.3ms)
Completed 200 OK in 70ms (Views: 41.8ms | ActiveRecord: 3.6ms (2 queries, 0 cached) | GC: 14.4ms)


Started GET "/manifest.json" for ::1 at 2024-10-28 15:25:11 -0300
  
ActionController::RoutingError (No route matches [GET] "/manifest.json"):
  
Started POST "/articles/1/comments" for ::1 at 2024-10-28 15:25:23 -0300
Processing by CommentsController#create as TURBO_STREAM
  Parameters: {"authenticity_token"=>"[FILTERED]", "comment"=>{"commenter"=>"Test 2", "body"=>"Im testing again!"}, "commit"=>"Create Comment", "article_id"=>"1"}
  [1m[36mArticle Load (0.3ms)[0m  [1m[34mSELECT "articles".* FROM "articles" WHERE "articles"."id" = ? LIMIT ?[0m  [["id", 1], ["LIMIT", 1]]
  ↳ app/controllers/comments_controller.rb:3:in `create'
  [1m[36mTRANSACTION (0.1ms)[0m  [1m[36mbegin transaction[0m
  ↳ app/controllers/comments_controller.rb:4:in `create'
  [1m[36mComment Create (1.4ms)[0m  [1m[32mINSERT INTO "comments" ("commenter", "body", "article_id", "created_at", "updated_at") VALUES (?, ?, ?, ?, ?) RETURNING "id"[0m  [["commenter", "Test 2"], ["body", "Im testing again!"], ["article_id", 1], ["created_at", "2024-10-28 18:25:23.614441"], ["updated_at", "2024-10-28 18:25:23.614441"]]
  ↳ app/controllers/comments_controller.rb:4:in `create'
  [1m[36mTRANSACTION (2.4ms)[0m  [1m[36mcommit transaction[0m
  ↳ app/controllers/comments_controller.rb:4:in `create'
Redirected to http://localhost:3000/articles/1
Completed 302 Found in 13ms (ActiveRecord: 4.1ms (2 queries, 0 cached) | GC: 0.1ms)


Started GET "/articles/1" for ::1 at 2024-10-28 15:25:23 -0300
Processing by ArticlesController#show as TURBO_STREAM
  Parameters: {"id"=>"1"}
  [1m[36mArticle Load (0.2ms)[0m  [1m[34mSELECT "articles".* FROM "articles" WHERE "articles"."id" = ? LIMIT ?[0m  [["id", 1], ["LIMIT", 1]]
  ↳ app/controllers/articles_controller.rb:7:in `show'
  Rendering layout layouts/application.html.erb
  Rendering articles/show.html.erb within layouts/application
  [1m[36mComment Load (0.1ms)[0m  [1m[34mSELECT "comments".* FROM "comments" WHERE "comments"."article_id" = ?[0m  [["article_id", 1]]
  ↳ app/views/articles/show.html.erb:14
  Rendered collection of comments/_comment.html.erb [2 times] (Duration: 0.2ms | GC: 0.0ms)
  Rendered comments/_form.html.erb (Duration: 2.4ms | GC: 0.3ms)
  Rendered articles/show.html.erb within layouts/application (Duration: 5.2ms | GC: 0.3ms)
  Rendered layout layouts/application.html.erb (Duration: 7.7ms | GC: 0.3ms)
Completed 200 OK in 12ms (Views: 8.3ms | ActiveRecord: 0.3ms (2 queries, 0 cached) | GC: 0.3ms)


Started GET "/articles/1/edit" for ::1 at 2024-10-28 15:25:26 -0300
Processing by ArticlesController#edit as HTML
  Parameters: {"id"=>"1"}
  [1m[36mArticle Load (0.1ms)[0m  [1m[34mSELECT "articles".* FROM "articles" WHERE "articles"."id" = ? LIMIT ?[0m  [["id", 1], ["LIMIT", 1]]
  ↳ app/controllers/articles_controller.rb:24:in `edit'
  Rendering layout layouts/application.html.erb
  Rendering articles/edit.html.erb within layouts/application
  Rendered articles/_form.html.erb (Duration: 3.5ms | GC: 1.1ms)
  Rendered articles/edit.html.erb within layouts/application (Duration: 4.4ms | GC: 1.1ms)
  Rendered layout layouts/application.html.erb (Duration: 6.1ms | GC: 1.1ms)
Completed 200 OK in 8ms (Views: 6.5ms | ActiveRecord: 0.1ms (1 query, 0 cached) | GC: 1.1ms)


Started PATCH "/articles/1" for ::1 at 2024-10-28 15:25:34 -0300
Processing by ArticlesController#update as TURBO_STREAM
  Parameters: {"authenticity_token"=>"[FILTERED]", "article"=>{"title"=>"Hello Rails", "body"=>"I am on youtube!"}, "commit"=>"Update Article", "id"=>"1"}
  [1m[36mArticle Load (0.1ms)[0m  [1m[34mSELECT "articles".* FROM "articles" WHERE "articles"."id" = ? LIMIT ?[0m  [["id", 1], ["LIMIT", 1]]
  ↳ app/controllers/articles_controller.rb:28:in `update'
  [1m[36mTRANSACTION (0.1ms)[0m  [1m[36mbegin transaction[0m
  ↳ app/controllers/articles_controller.rb:30:in `update'
  [1m[36mArticle Update (4.9ms)[0m  [1m[33mUPDATE "articles" SET "body" = ?, "updated_at" = ? WHERE "articles"."id" = ?[0m  [["body", "I am on youtube!"], ["updated_at", "2024-10-28 18:25:34.510584"], ["id", 1]]
  ↳ app/controllers/articles_controller.rb:30:in `update'
  [1m[36mTRANSACTION (0.2ms)[0m  [1m[36mcommit transaction[0m
  ↳ app/controllers/articles_controller.rb:30:in `update'
Redirected to http://localhost:3000/articles/1
Completed 302 Found in 15ms (ActiveRecord: 5.2ms (2 queries, 0 cached) | GC: 0.0ms)


Started GET "/articles/1" for ::1 at 2024-10-28 15:25:34 -0300
Processing by ArticlesController#show as TURBO_STREAM
  Parameters: {"id"=>"1"}
  [1m[36mArticle Load (0.3ms)[0m  [1m[34mSELECT "articles".* FROM "articles" WHERE "articles"."id" = ? LIMIT ?[0m  [["id", 1], ["LIMIT", 1]]
  ↳ app/controllers/articles_controller.rb:7:in `show'
  Rendering layout layouts/application.html.erb
  Rendering articles/show.html.erb within layouts/application
  [1m[36mComment Load (0.1ms)[0m  [1m[34mSELECT "comments".* FROM "comments" WHERE "comments"."article_id" = ?[0m  [["article_id", 1]]
  ↳ app/views/articles/show.html.erb:14
  Rendered collection of comments/_comment.html.erb [2 times] (Duration: 0.4ms | GC: 0.0ms)
  Rendered comments/_form.html.erb (Duration: 2.9ms | GC: 0.3ms)
  Rendered articles/show.html.erb within layouts/application (Duration: 7.3ms | GC: 0.3ms)
  Rendered layout layouts/application.html.erb (Duration: 9.9ms | GC: 0.3ms)
Completed 200 OK in 13ms (Views: 10.3ms | ActiveRecord: 0.4ms (2 queries, 0 cached) | GC: 0.3ms)


Started GET "/articles/1/edit" for ::1 at 2024-10-28 15:25:36 -0300
Processing by ArticlesController#edit as HTML
  Parameters: {"id"=>"1"}
  [1m[36mArticle Load (0.2ms)[0m  [1m[34mSELECT "articles".* FROM "articles" WHERE "articles"."id" = ? LIMIT ?[0m  [["id", 1], ["LIMIT", 1]]
  ↳ app/controllers/articles_controller.rb:24:in `edit'
  Rendering layout layouts/application.html.erb
  Rendering articles/edit.html.erb within layouts/application
  Rendered articles/_form.html.erb (Duration: 1.7ms | GC: 0.0ms)
  Rendered articles/edit.html.erb within layouts/application (Duration: 2.0ms | GC: 0.0ms)
  Rendered layout layouts/application.html.erb (Duration: 3.9ms | GC: 0.0ms)
Completed 200 OK in 6ms (Views: 4.5ms | ActiveRecord: 0.1ms (1 query, 0 cached) | GC: 0.0ms)


Started GET "/" for ::1 at 2024-10-28 15:26:15 -0300
Processing by ArticlesController#index as HTML
  Rendering layout layouts/application.html.erb
  Rendering articles/index.html.erb within layouts/application
  [1m[36mArticle Load (1.3ms)[0m  [1m[34mSELECT "articles".* FROM "articles"[0m
  ↳ app/views/articles/index.html.erb:4
  Rendered articles/index.html.erb within layouts/application (Duration: 4.3ms | GC: 0.0ms)
  Rendered layout layouts/application.html.erb (Duration: 7.4ms | GC: 0.0ms)
Completed 200 OK in 9ms (Views: 6.8ms | ActiveRecord: 1.3ms (1 query, 0 cached) | GC: 0.0ms)


Started GET "/manifest.json" for ::1 at 2024-10-28 15:26:15 -0300
  
ActionController::RoutingError (No route matches [GET] "/manifest.json"):
  
Started GET "/articles/new" for ::1 at 2024-10-28 15:26:16 -0300
Processing by ArticlesController#new as HTML
  Rendering layout layouts/application.html.erb
  Rendering articles/new.html.erb within layouts/application
  Rendered articles/_form.html.erb (Duration: 2.0ms | GC: 0.0ms)
  Rendered articles/new.html.erb within layouts/application (Duration: 3.0ms | GC: 0.0ms)
  Rendered layout layouts/application.html.erb (Duration: 9.0ms | GC: 0.0ms)
Completed 200 OK in 14ms (Views: 9.8ms | ActiveRecord: 0.0ms (0 queries, 0 cached) | GC: 0.0ms)


Started POST "/articles" for ::1 at 2024-10-28 15:26:25 -0300
Processing by ArticlesController#create as TURBO_STREAM
  Parameters: {"authenticity_token"=>"[FILTERED]", "article"=>{"title"=>"TESTING", "body"=>"No body here"}, "commit"=>"Create Article"}
  [1m[36mTRANSACTION (0.1ms)[0m  [1m[36mbegin transaction[0m
  ↳ app/controllers/articles_controller.rb:16:in `create'
  [1m[36mArticle Create (1.5ms)[0m  [1m[32mINSERT INTO "articles" ("title", "body", "created_at", "updated_at") VALUES (?, ?, ?, ?) RETURNING "id"[0m  [["title", "TESTING"], ["body", "No body here"], ["created_at", "2024-10-28 18:26:25.722390"], ["updated_at", "2024-10-28 18:26:25.722390"]]
  ↳ app/controllers/articles_controller.rb:16:in `create'
  [1m[36mTRANSACTION (0.1ms)[0m  [1m[36mcommit transaction[0m
  ↳ app/controllers/articles_controller.rb:16:in `create'
Redirected to http://localhost:3000/articles/2
Completed 302 Found in 7ms (ActiveRecord: 1.6ms (1 query, 0 cached) | GC: 0.0ms)


Started GET "/articles/2" for ::1 at 2024-10-28 15:26:25 -0300
Processing by ArticlesController#show as TURBO_STREAM
  Parameters: {"id"=>"2"}
  [1m[36mArticle Load (0.4ms)[0m  [1m[34mSELECT "articles".* FROM "articles" WHERE "articles"."id" = ? LIMIT ?[0m  [["id", 2], ["LIMIT", 1]]
  ↳ app/controllers/articles_controller.rb:7:in `show'
  Rendering layout layouts/application.html.erb
  Rendering articles/show.html.erb within layouts/application
  [1m[36mComment Load (0.2ms)[0m  [1m[34mSELECT "comments".* FROM "comments" WHERE "comments"."article_id" = ?[0m  [["article_id", 2]]
  ↳ app/views/articles/show.html.erb:14
  Rendered collection of templates [0 times] (Duration: 0.0ms | GC: 0.0ms)
  Rendered comments/_form.html.erb (Duration: 2.3ms | GC: 0.0ms)
  Rendered articles/show.html.erb within layouts/application (Duration: 5.4ms | GC: 0.0ms)
  Rendered layout layouts/application.html.erb (Duration: 8.0ms | GC: 0.0ms)
Completed 200 OK in 12ms (Views: 8.3ms | ActiveRecord: 0.5ms (2 queries, 0 cached) | GC: 0.0ms)


Started GET "/" for ::1 at 2024-10-28 15:26:31 -0300
Processing by ArticlesController#index as HTML
  Rendering layout layouts/application.html.erb
  Rendering articles/index.html.erb within layouts/application
  [1m[36mArticle Load (1.7ms)[0m  [1m[34mSELECT "articles".* FROM "articles"[0m
  ↳ app/views/articles/index.html.erb:4
  Rendered articles/index.html.erb within layouts/application (Duration: 5.2ms | GC: 0.0ms)
  Rendered layout layouts/application.html.erb (Duration: 9.7ms | GC: 0.0ms)
Completed 200 OK in 13ms (Views: 9.6ms | ActiveRecord: 1.6ms (1 query, 0 cached) | GC: 0.0ms)


Started GET "/manifest.json" for ::1 at 2024-10-28 15:26:32 -0300
  
ActionController::RoutingError (No route matches [GET] "/manifest.json"):
  
